----------------------------------------------------------------
Fri Apr 17 14:53:26 CST 2015:
Booting Derby version The Apache Softwar----------------------------------------------------------------
Fri Apr 17 14:54:23 CST 2015:
Booting Derby version The Apache Software Foundation - Apache Derby - 10.9.1.0 - (1344872): instance a816c00e-014c-c626-bfd4-00000e8f3f30 
on database directory C:\Users\IBM_ADMIN\workspace2\SMP-Front\config\smpdb  with class loader sun.misc.Launcher$AppClassLoader@447bd86d 
Loaded from file:/C:/Users/IBM_ADMIN/workspace2/SMP-Front/config/sql/derby/lib/derby.jar
java.vendor=Oracle Corporation
java.runtime.version=1.7.0_75-b13
user.dir=C:\Users\IBM_ADMIN\workspace2\SMP-Front\config
derby.system.home=null
Database Class Loader started - derby.database.classpath=''
----------------------------------------------------------------
Fri Apr 17 16:52:40 CST 2015:
Shutting down instance a816c00e-014c-c626-bfd4-00000e8f3f30 on database directory C:\Users\IBM_ADMIN\workspace2\SMP-Front\config\smpdb with class loader sun.misc.Launcher$AppClassLoader@447bd86d 
Fri Apr 17 16:52:40 CST 2015 Thread[DRDAConnThread_4,5,main] (DATABASE = smpdb), (DRDAID = {19}), Database 'smpdb' shutdown.
----------------------------------------------------------------
Fri Apr 17 16:52:51 CST 2015:
Booting Derby version The Apache Software Foundation - Apache Derby - 10.9.1.0 - (1344872): instance c791807d-014c-c626-bfd4-00000e8f3f30 
on database directory C:\Users\IBM_ADMIN\workspace2\SMP-Front\config\smpdb  with class loader sun.misc.Launcher$AppClassLoader@447bd86d 
Loaded from file:/C:/Users/IBM_ADMIN/workspace2/SMP-Front/config/sql/derby/lib/derby.jar
java.vendor=Oracle Corporation
java.runtime.version=1.7.0_75-b13
user.dir=C:\Users\IBM_ADMIN\workspace2\SMP-Front\config
derby.system.home=null
Database Class Loader started - derby.database.classpath=''
----------------------------------------------------------------
Fri Apr 17 17:27:02 CST 2015:
Booting Derby version The Apache Software Foundation - Apache Derby - 10.9.1.0 - (1344872): instance 7815c0b6-014c-c626-bfd4-00000e8f3f30 
on database directory C:\Users\IBM_ADMIN\workspace2\SMP-Front\config\smpdb2  with class loader sun.misc.Launcher$AppClassLoader@447bd86d 
Loaded from file:/C:/Users/IBM_ADMIN/workspace2/SMP-Front/config/sql/derby/lib/derby.jar
java.vendor=Oracle Corporation
java.runtime.version=1.7.0_75-b13
user.dir=C:\Users\IBM_ADMIN\workspace2\SMP-Front\config
derby.system.home=null
Database Class Loader started - derby.database.classpath=''
